<XmlDocument>
  <id>99</id>
  <message>Hello World</message>
</XmlDocument>