<XmlDocuments>
  <XmlDocument>
    <id>55</id>
    <message>(._.</message>
  </XmlDocument>
  <XmlDocument>
    <id>99</id>
    <message>Hello World</message>
  </XmlDocument>
</XmlDocuments>