<XmlDocument>
  <id>42</id>
  <message>The Answer!</message>
</XmlDocument>